#0 building with "default" instance using docker driver

#1 [go-server internal] load build definition from Dockerfile
#1 transferring dockerfile: 595B done
#1 DONE 0.0s

#2 [go-server auth] library/golang:pull token for registry-1.docker.io
#2 DONE 0.0s

#3 [go-server internal] load metadata for gcr.io/distroless/static:nonroot
#3 DONE 0.8s

#4 [go-server internal] load metadata for docker.io/library/golang:1.23
#4 DONE 1.7s

#5 [go-server internal] load .dockerignore
#5 transferring context: 2B done
#5 DONE 0.0s

#6 [go-server stage-1 1/3] FROM gcr.io/distroless/static:nonroot@sha256:627d6c5a23ad24e6bdff827f16c7b60e0289029b0c79e9f7ccd54ae3279fb45f
#6 DONE 0.0s

#7 [go-server builder 1/6] FROM docker.io/library/golang:1.23@sha256:dd5cc4b4f85d13329cb5b17cbf35c509e1c82a43bf6e5961516fda444013121a
#7 DONE 0.0s

#8 [go-server stage-1 2/3] WORKDIR /app
#8 CACHED

#9 [go-server builder 2/6] WORKDIR /app
#9 CACHED

#10 [go-server internal] load build context
#10 transferring context: 6.25kB 0.0s done
#10 DONE 0.0s

#11 [go-server builder 3/6] COPY go.mod go.sum ./
#11 DONE 0.0s

#12 [go-server builder 4/6] RUN go mod download
#12 CANCELED
